2025-03-03 14:51:11,609 - DEBUG - <Server sockets=(<asyncio.TransportSocket fd=3, family=2, type=1, proto=0, laddr=('0.0.0.0', 5000)>,)> got a new connection from ('127.0.0.1', 58666): <socket.socket fd=19, family=2, type=1, proto=0, laddr=('127.0.0.1', 5000), raddr=('127.0.0.1', 58666)>
2025-03-03 14:51:11,619 - INFO - Entering /register route
2025-03-03 14:51:11,619 - INFO - Entering /register route
2025-03-03 14:51:11,620 - DEBUG - Received register request: {'username': 'admin', 'password': 'vrae@123'}
2025-03-03 14:51:11,620 - DEBUG - Received register request: {'username': 'admin', 'password': 'vrae@123'}
2025-03-03 14:51:11,717 - DEBUG - Get address info localhost:3306, type=<SocketKind.SOCK_STREAM: 1>
2025-03-03 14:51:11,718 - DEBUG - Getting address info localhost:3306, type=<SocketKind.SOCK_STREAM: 1> took 0.499ms: [(<AddressFamily.AF_INET6: 30>, <SocketKind.SOCK_STREAM: 1>, 6, '', ('::1', 3306, 0, 0)), (<AddressFamily.AF_INET: 2>, <SocketKind.SOCK_STREAM: 1>, 6, '', ('127.0.0.1', 3306))]
2025-03-03 14:51:11,721 - DEBUG - <asyncio.TransportSocket fd=20, family=30, type=1, proto=6, laddr=('::1', 58667, 0, 0), raddr=('::1', 3306, 0, 0)> connected to localhost:3306: (<_SelectorSocketTransport fd=20 read=polling write=<idle, bufsize=0>>, <asyncio.streams.StreamReaderProtocol object at 0x12ece0fb0>)
2025-03-03 14:51:11,721 - DEBUG - <_SelectorSocketTransport fd=20 read=idle write=<idle, bufsize=0>> pauses reading
2025-03-03 14:51:11,722 - DEBUG - <_SelectorSocketTransport fd=20 read=polling write=<idle, bufsize=0>> resumes reading
2025-03-03 14:51:11,722 - DEBUG - <_SelectorSocketTransport fd=20 read=idle write=<idle, bufsize=0>> pauses reading
2025-03-03 14:51:11,722 - DEBUG - <_SelectorSocketTransport fd=20 read=polling write=<idle, bufsize=0>> resumes reading
2025-03-03 14:51:11,724 - DEBUG - caching sha2: succeeded by fast path.
2025-03-03 14:51:11,728 - ERROR - Database error: (1062, "Duplicate entry 'admin' for key 'users.username'")
2025-03-03 14:51:11,728 - ERROR - Database error: (1062, "Duplicate entry 'admin' for key 'users.username'")
2025-03-03 14:51:11,728 - ERROR - Error adding user: (1062, "Duplicate entry 'admin' for key 'users.username'")
2025-03-03 14:51:11,728 - WARNING - Error registering user with username: admin
2025-03-03 14:51:11,728 - WARNING - Error registering user with username: admin
2025-03-03 14:51:11,729 - ERROR - Exception on request POST /register
Traceback (most recent call last):
  File "/Users/guilhermeandrade/PycharmProjects/vrae_2.0.0/.venv/lib/python3.12/site-packages/quart/app.py", line 1376, in handle_request
    return await self.full_dispatch_request(request_context)
           ^^^^^^^^^^^^^^^^^^^^^^^^^^^^^^^^^^^^^^^^^^^^^^^^^
  File "/Users/guilhermeandrade/PycharmProjects/vrae_2.0.0/.venv/lib/python3.12/site-packages/quart/app.py", line 1414, in full_dispatch_request
    result = await self.handle_user_exception(error)
             ^^^^^^^^^^^^^^^^^^^^^^^^^^^^^^^^^^^^^^^
  File "/Users/guilhermeandrade/PycharmProjects/vrae_2.0.0/.venv/lib/python3.12/site-packages/quart/app.py", line 1007, in handle_user_exception
    raise error
  File "/Users/guilhermeandrade/PycharmProjects/vrae_2.0.0/.venv/lib/python3.12/site-packages/quart/app.py", line 1412, in full_dispatch_request
    result = await self.dispatch_request(request_context)
             ^^^^^^^^^^^^^^^^^^^^^^^^^^^^^^^^^^^^^^^^^^^^
  File "/Users/guilhermeandrade/PycharmProjects/vrae_2.0.0/.venv/lib/python3.12/site-packages/quart/app.py", line 1506, in dispatch_request
    return await self.ensure_async(handler)(**request_.view_args)
           ^^^^^^^^^^^^^^^^^^^^^^^^^^^^^^^^^^^^^^^^^^^^^^^^^^^^^^
  File "/Users/guilhermeandrade/PycharmProjects/vrae_2.0.0/vrae/routes.py", line 130, in register
    return log_request(jsonify({'message': 'Erro ao adicionar!'})), 401
           ^^^^^^^^^^^
NameError: name 'log_request' is not defined
2025-03-03 14:51:11,729 - ERROR - Exception on request POST /register
Traceback (most recent call last):
  File "/Users/guilhermeandrade/PycharmProjects/vrae_2.0.0/.venv/lib/python3.12/site-packages/quart/app.py", line 1376, in handle_request
    return await self.full_dispatch_request(request_context)
           ^^^^^^^^^^^^^^^^^^^^^^^^^^^^^^^^^^^^^^^^^^^^^^^^^
  File "/Users/guilhermeandrade/PycharmProjects/vrae_2.0.0/.venv/lib/python3.12/site-packages/quart/app.py", line 1414, in full_dispatch_request
    result = await self.handle_user_exception(error)
             ^^^^^^^^^^^^^^^^^^^^^^^^^^^^^^^^^^^^^^^
  File "/Users/guilhermeandrade/PycharmProjects/vrae_2.0.0/.venv/lib/python3.12/site-packages/quart/app.py", line 1007, in handle_user_exception
    raise error
  File "/Users/guilhermeandrade/PycharmProjects/vrae_2.0.0/.venv/lib/python3.12/site-packages/quart/app.py", line 1412, in full_dispatch_request
    result = await self.dispatch_request(request_context)
             ^^^^^^^^^^^^^^^^^^^^^^^^^^^^^^^^^^^^^^^^^^^^
  File "/Users/guilhermeandrade/PycharmProjects/vrae_2.0.0/.venv/lib/python3.12/site-packages/quart/app.py", line 1506, in dispatch_request
    return await self.ensure_async(handler)(**request_.view_args)
           ^^^^^^^^^^^^^^^^^^^^^^^^^^^^^^^^^^^^^^^^^^^^^^^^^^^^^^
  File "/Users/guilhermeandrade/PycharmProjects/vrae_2.0.0/vrae/routes.py", line 130, in register
    return log_request(jsonify({'message': 'Erro ao adicionar!'})), 401
           ^^^^^^^^^^^
NameError: name 'log_request' is not defined
2025-03-03 14:51:11,733 - INFO - {'date_created': 'None', 'module': '/register', 'payload': {'username': 'admin', 'password': 'vrae@123'}, 'response': "Error getting response data: object bytes can't be used in 'await' expression"}
2025-03-03 14:51:11,733 - INFO - {'date_created': 'None', 'module': '/register', 'payload': {'username': 'admin', 'password': 'vrae@123'}, 'response': "Error getting response data: object bytes can't be used in 'await' expression"}
2025-03-03 14:52:18,468 - DEBUG - Close <_UnixSelectorEventLoop running=False closed=False debug=True>
2025-03-03 14:52:20,938 - DEBUG - matplotlib data path: /Users/guilhermeandrade/PycharmProjects/vrae_2.0.0/.venv/lib/python3.12/site-packages/matplotlib/mpl-data
2025-03-03 14:52:20,944 - DEBUG - CONFIGDIR=/Users/guilhermeandrade/.matplotlib
2025-03-03 14:52:20,946 - DEBUG - interactive is False
2025-03-03 14:52:20,946 - DEBUG - platform is darwin
2025-03-03 14:52:21,022 - DEBUG - CACHEDIR=/Users/guilhermeandrade/.matplotlib
2025-03-03 14:52:21,030 - DEBUG - Using fontManager instance from /Users/guilhermeandrade/.matplotlib/fontlist-v390.json
2025-03-03 14:52:21,971 - DEBUG - Using selector: KqueueSelector
2025-03-03 14:52:21,978 - DEBUG - Get address info localhost:3306, type=<SocketKind.SOCK_STREAM: 1>
2025-03-03 14:52:21,979 - DEBUG - Getting address info localhost:3306, type=<SocketKind.SOCK_STREAM: 1> took 0.480ms: [(<AddressFamily.AF_INET6: 30>, <SocketKind.SOCK_STREAM: 1>, 6, '', ('::1', 3306, 0, 0)), (<AddressFamily.AF_INET: 2>, <SocketKind.SOCK_STREAM: 1>, 6, '', ('127.0.0.1', 3306))]
2025-03-03 14:52:21,983 - DEBUG - <asyncio.TransportSocket fd=19, family=30, type=1, proto=6, laddr=('::1', 58964, 0, 0), raddr=('::1', 3306, 0, 0)> connected to localhost:3306: (<_SelectorSocketTransport fd=19 read=polling write=<idle, bufsize=0>>, <asyncio.streams.StreamReaderProtocol object at 0x129527f80>)
2025-03-03 14:52:21,984 - DEBUG - <_SelectorSocketTransport fd=19 read=idle write=<idle, bufsize=0>> pauses reading
2025-03-03 14:52:21,984 - DEBUG - <_SelectorSocketTransport fd=19 read=polling write=<idle, bufsize=0>> resumes reading
2025-03-03 14:52:21,985 - DEBUG - <_SelectorSocketTransport fd=19 read=idle write=<idle, bufsize=0>> pauses reading
2025-03-03 14:52:21,985 - DEBUG - <_SelectorSocketTransport fd=19 read=polling write=<idle, bufsize=0>> resumes reading
2025-03-03 14:52:21,987 - DEBUG - caching sha2: succeeded by fast path.
2025-03-03 14:52:21,999 - INFO - Database initialized successfully
2025-03-03 14:52:21,999 - INFO - Database initialized successfully
2025-03-03 14:52:22,000 - INFO - <Server sockets=(<asyncio.TransportSocket fd=3, family=2, type=1, proto=0, laddr=('0.0.0.0', 5000)>,)> is serving
2025-03-03 14:52:22,001 - INFO - Running on http://0.0.0.0:5000 (CTRL + C to quit)
2025-03-03 14:53:04,238 - DEBUG - <Server sockets=(<asyncio.TransportSocket fd=3, family=2, type=1, proto=0, laddr=('0.0.0.0', 5000)>,)> got a new connection from ('127.0.0.1', 59137): <socket.socket fd=19, family=2, type=1, proto=0, laddr=('127.0.0.1', 5000), raddr=('127.0.0.1', 59137)>
2025-03-03 14:53:04,249 - INFO - Entering /register route
2025-03-03 14:53:04,249 - INFO - Entering /register route
2025-03-03 14:53:04,251 - DEBUG - Received register request: {'username': 'admin', 'password': 'vrae@123'}
2025-03-03 14:53:04,251 - DEBUG - Received register request: {'username': 'admin', 'password': 'vrae@123'}
2025-03-03 14:53:04,252 - DEBUG - Get address info localhost:3306, type=<SocketKind.SOCK_STREAM: 1>
2025-03-03 14:53:04,253 - DEBUG - Getting address info localhost:3306, type=<SocketKind.SOCK_STREAM: 1> took 0.533ms: [(<AddressFamily.AF_INET6: 30>, <SocketKind.SOCK_STREAM: 1>, 6, '', ('::1', 3306, 0, 0)), (<AddressFamily.AF_INET: 2>, <SocketKind.SOCK_STREAM: 1>, 6, '', ('127.0.0.1', 3306))]
2025-03-03 14:53:04,255 - DEBUG - <asyncio.TransportSocket fd=20, family=30, type=1, proto=6, laddr=('::1', 59138, 0, 0), raddr=('::1', 3306, 0, 0)> connected to localhost:3306: (<_SelectorSocketTransport fd=20 read=polling write=<idle, bufsize=0>>, <asyncio.streams.StreamReaderProtocol object at 0x129524b00>)
2025-03-03 14:53:04,256 - DEBUG - <_SelectorSocketTransport fd=20 read=idle write=<idle, bufsize=0>> pauses reading
2025-03-03 14:53:04,256 - DEBUG - <_SelectorSocketTransport fd=20 read=polling write=<idle, bufsize=0>> resumes reading
2025-03-03 14:53:04,257 - DEBUG - <_SelectorSocketTransport fd=20 read=idle write=<idle, bufsize=0>> pauses reading
2025-03-03 14:53:04,257 - DEBUG - <_SelectorSocketTransport fd=20 read=polling write=<idle, bufsize=0>> resumes reading
2025-03-03 14:53:04,260 - DEBUG - caching sha2: succeeded by fast path.
2025-03-03 14:53:04,264 - WARNING - User admin already exists
2025-03-03 14:53:04,264 - WARNING - User admin already exists
2025-03-03 14:53:04,264 - INFO - {'date_created': 'None', 'module': '/register', 'payload': {'username': 'admin', 'password': 'vrae@123'}, 'response': '{"message":"Usu\\u00e1rio j\\u00e1 existe!"}\n'}
2025-03-03 14:53:04,264 - INFO - {'date_created': 'None', 'module': '/register', 'payload': {'username': 'admin', 'password': 'vrae@123'}, 'response': '{"message":"Usu\\u00e1rio j\\u00e1 existe!"}\n'}
2025-03-03 14:53:14,874 - DEBUG - <Server sockets=(<asyncio.TransportSocket fd=3, family=2, type=1, proto=0, laddr=('0.0.0.0', 5000)>,)> got a new connection from ('127.0.0.1', 59186): <socket.socket fd=19, family=2, type=1, proto=0, laddr=('127.0.0.1', 5000), raddr=('127.0.0.1', 59186)>
2025-03-03 14:53:14,880 - INFO - Entering /register route
2025-03-03 14:53:14,880 - INFO - Entering /register route
2025-03-03 14:53:14,881 - DEBUG - Received register request: {'username': 'admin 2', 'password': 'vrae@123'}
2025-03-03 14:53:14,881 - DEBUG - Received register request: {'username': 'admin 2', 'password': 'vrae@123'}
2025-03-03 14:53:14,882 - DEBUG - Get address info localhost:3306, type=<SocketKind.SOCK_STREAM: 1>
2025-03-03 14:53:14,883 - DEBUG - Getting address info localhost:3306, type=<SocketKind.SOCK_STREAM: 1> took 0.443ms: [(<AddressFamily.AF_INET6: 30>, <SocketKind.SOCK_STREAM: 1>, 6, '', ('::1', 3306, 0, 0)), (<AddressFamily.AF_INET: 2>, <SocketKind.SOCK_STREAM: 1>, 6, '', ('127.0.0.1', 3306))]
2025-03-03 14:53:14,886 - DEBUG - <asyncio.TransportSocket fd=20, family=30, type=1, proto=6, laddr=('::1', 59187, 0, 0), raddr=('::1', 3306, 0, 0)> connected to localhost:3306: (<_SelectorSocketTransport fd=20 read=polling write=<idle, bufsize=0>>, <asyncio.streams.StreamReaderProtocol object at 0x129524860>)
2025-03-03 14:53:14,887 - DEBUG - <_SelectorSocketTransport fd=20 read=idle write=<idle, bufsize=0>> pauses reading
2025-03-03 14:53:14,888 - DEBUG - <_SelectorSocketTransport fd=20 read=polling write=<idle, bufsize=0>> resumes reading
2025-03-03 14:53:14,889 - DEBUG - <_SelectorSocketTransport fd=20 read=idle write=<idle, bufsize=0>> pauses reading
2025-03-03 14:53:14,889 - DEBUG - <_SelectorSocketTransport fd=20 read=polling write=<idle, bufsize=0>> resumes reading
2025-03-03 14:53:14,890 - DEBUG - caching sha2: succeeded by fast path.
2025-03-03 14:53:14,989 - DEBUG - Get address info localhost:3306, type=<SocketKind.SOCK_STREAM: 1>
2025-03-03 14:53:14,990 - DEBUG - Getting address info localhost:3306, type=<SocketKind.SOCK_STREAM: 1> took 0.355ms: [(<AddressFamily.AF_INET6: 30>, <SocketKind.SOCK_STREAM: 1>, 6, '', ('::1', 3306, 0, 0)), (<AddressFamily.AF_INET: 2>, <SocketKind.SOCK_STREAM: 1>, 6, '', ('127.0.0.1', 3306))]
2025-03-03 14:53:14,993 - DEBUG - <asyncio.TransportSocket fd=20, family=30, type=1, proto=6, laddr=('::1', 59188, 0, 0), raddr=('::1', 3306, 0, 0)> connected to localhost:3306: (<_SelectorSocketTransport fd=20 read=polling write=<idle, bufsize=0>>, <asyncio.streams.StreamReaderProtocol object at 0x129524d40>)
2025-03-03 14:53:14,994 - DEBUG - <_SelectorSocketTransport fd=20 read=idle write=<idle, bufsize=0>> pauses reading
2025-03-03 14:53:14,994 - DEBUG - <_SelectorSocketTransport fd=20 read=polling write=<idle, bufsize=0>> resumes reading
2025-03-03 14:53:14,994 - DEBUG - <_SelectorSocketTransport fd=20 read=idle write=<idle, bufsize=0>> pauses reading
2025-03-03 14:53:14,995 - DEBUG - <_SelectorSocketTransport fd=20 read=polling write=<idle, bufsize=0>> resumes reading
2025-03-03 14:53:14,996 - DEBUG - caching sha2: succeeded by fast path.
2025-03-03 14:53:15,002 - INFO - {'date_created': 'None', 'module': '/register', 'payload': {'username': 'admin 2', 'password': 'vrae@123'}, 'response': '{"message":"Usu\\u00e1rio registrado com sucesso!"}\n'}
2025-03-03 14:53:15,002 - INFO - {'date_created': 'None', 'module': '/register', 'payload': {'username': 'admin 2', 'password': 'vrae@123'}, 'response': '{"message":"Usu\\u00e1rio registrado com sucesso!"}\n'}
2025-03-03 14:53:34,474 - DEBUG - <Server sockets=(<asyncio.TransportSocket fd=3, family=2, type=1, proto=0, laddr=('0.0.0.0', 5000)>,)> got a new connection from ('127.0.0.1', 59268): <socket.socket fd=19, family=2, type=1, proto=0, laddr=('127.0.0.1', 5000), raddr=('127.0.0.1', 59268)>
2025-03-03 14:53:34,480 - INFO - Entering /login route
2025-03-03 14:53:34,480 - INFO - Entering /login route
2025-03-03 14:53:34,481 - DEBUG - Received login request: <coroutine object Request.get_json at 0x12a5aa540>
2025-03-03 14:53:34,481 - DEBUG - Received login request: <coroutine object Request.get_json at 0x12a5aa540>
2025-03-03 14:53:34,482 - ERROR - Exception on request POST /login
Traceback (most recent call last):
  File "/Users/guilhermeandrade/PycharmProjects/vrae_2.0.0/.venv/lib/python3.12/site-packages/quart/app.py", line 1376, in handle_request
    return await self.full_dispatch_request(request_context)
           ^^^^^^^^^^^^^^^^^^^^^^^^^^^^^^^^^^^^^^^^^^^^^^^^^
  File "/Users/guilhermeandrade/PycharmProjects/vrae_2.0.0/.venv/lib/python3.12/site-packages/quart/app.py", line 1414, in full_dispatch_request
    result = await self.handle_user_exception(error)
             ^^^^^^^^^^^^^^^^^^^^^^^^^^^^^^^^^^^^^^^
  File "/Users/guilhermeandrade/PycharmProjects/vrae_2.0.0/.venv/lib/python3.12/site-packages/quart/app.py", line 1007, in handle_user_exception
    raise error
  File "/Users/guilhermeandrade/PycharmProjects/vrae_2.0.0/.venv/lib/python3.12/site-packages/quart/app.py", line 1412, in full_dispatch_request
    result = await self.dispatch_request(request_context)
             ^^^^^^^^^^^^^^^^^^^^^^^^^^^^^^^^^^^^^^^^^^^^
  File "/Users/guilhermeandrade/PycharmProjects/vrae_2.0.0/.venv/lib/python3.12/site-packages/quart/app.py", line 1506, in dispatch_request
    return await self.ensure_async(handler)(**request_.view_args)
           ^^^^^^^^^^^^^^^^^^^^^^^^^^^^^^^^^^^^^^^^^^^^^^^^^^^^^^
  File "/Users/guilhermeandrade/PycharmProjects/vrae_2.0.0/.venv/lib/python3.12/site-packages/quart/utils.py", line 57, in _wrapper
    result = await loop.run_in_executor(
             ^^^^^^^^^^^^^^^^^^^^^^^^^^^
  File "/Library/Frameworks/Python.framework/Versions/3.12/lib/python3.12/concurrent/futures/thread.py", line 58, in run
    result = self.fn(*self.args, **self.kwargs)
             ^^^^^^^^^^^^^^^^^^^^^^^^^^^^^^^^^^
  File "/Users/guilhermeandrade/PycharmProjects/vrae_2.0.0/vrae/routes.py", line 68, in login
    if (not auth or not auth['username'] or not auth['password']):
                        ~~~~^^^^^^^^^^^^
TypeError: 'coroutine' object is not subscriptable
2025-03-03 14:53:34,482 - ERROR - Exception on request POST /login
Traceback (most recent call last):
  File "/Users/guilhermeandrade/PycharmProjects/vrae_2.0.0/.venv/lib/python3.12/site-packages/quart/app.py", line 1376, in handle_request
    return await self.full_dispatch_request(request_context)
           ^^^^^^^^^^^^^^^^^^^^^^^^^^^^^^^^^^^^^^^^^^^^^^^^^
  File "/Users/guilhermeandrade/PycharmProjects/vrae_2.0.0/.venv/lib/python3.12/site-packages/quart/app.py", line 1414, in full_dispatch_request
    result = await self.handle_user_exception(error)
             ^^^^^^^^^^^^^^^^^^^^^^^^^^^^^^^^^^^^^^^
  File "/Users/guilhermeandrade/PycharmProjects/vrae_2.0.0/.venv/lib/python3.12/site-packages/quart/app.py", line 1007, in handle_user_exception
    raise error
  File "/Users/guilhermeandrade/PycharmProjects/vrae_2.0.0/.venv/lib/python3.12/site-packages/quart/app.py", line 1412, in full_dispatch_request
    result = await self.dispatch_request(request_context)
             ^^^^^^^^^^^^^^^^^^^^^^^^^^^^^^^^^^^^^^^^^^^^
  File "/Users/guilhermeandrade/PycharmProjects/vrae_2.0.0/.venv/lib/python3.12/site-packages/quart/app.py", line 1506, in dispatch_request
    return await self.ensure_async(handler)(**request_.view_args)
           ^^^^^^^^^^^^^^^^^^^^^^^^^^^^^^^^^^^^^^^^^^^^^^^^^^^^^^
  File "/Users/guilhermeandrade/PycharmProjects/vrae_2.0.0/.venv/lib/python3.12/site-packages/quart/utils.py", line 57, in _wrapper
    result = await loop.run_in_executor(
             ^^^^^^^^^^^^^^^^^^^^^^^^^^^
  File "/Library/Frameworks/Python.framework/Versions/3.12/lib/python3.12/concurrent/futures/thread.py", line 58, in run
    result = self.fn(*self.args, **self.kwargs)
             ^^^^^^^^^^^^^^^^^^^^^^^^^^^^^^^^^^
  File "/Users/guilhermeandrade/PycharmProjects/vrae_2.0.0/vrae/routes.py", line 68, in login
    if (not auth or not auth['username'] or not auth['password']):
                        ~~~~^^^^^^^^^^^^
TypeError: 'coroutine' object is not subscriptable
2025-03-03 14:53:34,483 - INFO - {'date_created': 'None', 'module': '/login', 'payload': {'username': 'admin 2', 'password': 'vrae@123'}, 'response': "Error getting response data: object bytes can't be used in 'await' expression"}
2025-03-03 14:53:34,483 - INFO - {'date_created': 'None', 'module': '/login', 'payload': {'username': 'admin 2', 'password': 'vrae@123'}, 'response': "Error getting response data: object bytes can't be used in 'await' expression"}
2025-03-03 14:54:35,427 - DEBUG - Close <_UnixSelectorEventLoop running=False closed=False debug=True>
2025-03-03 14:54:38,001 - DEBUG - matplotlib data path: /Users/guilhermeandrade/PycharmProjects/vrae_2.0.0/.venv/lib/python3.12/site-packages/matplotlib/mpl-data
2025-03-03 14:54:38,007 - DEBUG - CONFIGDIR=/Users/guilhermeandrade/.matplotlib
2025-03-03 14:54:38,008 - DEBUG - interactive is False
2025-03-03 14:54:38,009 - DEBUG - platform is darwin
2025-03-03 14:54:38,076 - DEBUG - CACHEDIR=/Users/guilhermeandrade/.matplotlib
2025-03-03 14:54:38,082 - DEBUG - Using fontManager instance from /Users/guilhermeandrade/.matplotlib/fontlist-v390.json
2025-03-03 14:54:38,926 - DEBUG - Using selector: KqueueSelector
2025-03-03 14:54:38,932 - DEBUG - Get address info localhost:3306, type=<SocketKind.SOCK_STREAM: 1>
2025-03-03 14:54:38,933 - DEBUG - Getting address info localhost:3306, type=<SocketKind.SOCK_STREAM: 1> took 0.522ms: [(<AddressFamily.AF_INET6: 30>, <SocketKind.SOCK_STREAM: 1>, 6, '', ('::1', 3306, 0, 0)), (<AddressFamily.AF_INET: 2>, <SocketKind.SOCK_STREAM: 1>, 6, '', ('127.0.0.1', 3306))]
2025-03-03 14:54:38,936 - DEBUG - <asyncio.TransportSocket fd=19, family=30, type=1, proto=6, laddr=('::1', 59545, 0, 0), raddr=('::1', 3306, 0, 0)> connected to localhost:3306: (<_SelectorSocketTransport fd=19 read=polling write=<idle, bufsize=0>>, <asyncio.streams.StreamReaderProtocol object at 0x12c319dc0>)
2025-03-03 14:54:38,937 - DEBUG - <_SelectorSocketTransport fd=19 read=idle write=<idle, bufsize=0>> pauses reading
2025-03-03 14:54:38,937 - DEBUG - <_SelectorSocketTransport fd=19 read=polling write=<idle, bufsize=0>> resumes reading
2025-03-03 14:54:38,937 - DEBUG - <_SelectorSocketTransport fd=19 read=idle write=<idle, bufsize=0>> pauses reading
2025-03-03 14:54:38,938 - DEBUG - <_SelectorSocketTransport fd=19 read=polling write=<idle, bufsize=0>> resumes reading
2025-03-03 14:54:38,939 - DEBUG - caching sha2: succeeded by fast path.
2025-03-03 14:54:38,947 - INFO - Database initialized successfully
2025-03-03 14:54:38,947 - INFO - Database initialized successfully
2025-03-03 14:54:38,949 - INFO - <Server sockets=(<asyncio.TransportSocket fd=3, family=2, type=1, proto=0, laddr=('0.0.0.0', 5000)>,)> is serving
2025-03-03 14:54:38,950 - INFO - Running on http://0.0.0.0:5000 (CTRL + C to quit)
2025-03-03 14:54:43,452 - DEBUG - <Server sockets=(<asyncio.TransportSocket fd=3, family=2, type=1, proto=0, laddr=('0.0.0.0', 5000)>,)> got a new connection from ('127.0.0.1', 59563): <socket.socket fd=19, family=2, type=1, proto=0, laddr=('127.0.0.1', 5000), raddr=('127.0.0.1', 59563)>
2025-03-03 14:54:43,462 - INFO - Entering /login route
2025-03-03 14:54:43,462 - INFO - Entering /login route
2025-03-03 14:54:43,463 - DEBUG - Received login request: {'username': 'admin 2', 'password': 'vrae@123'}
2025-03-03 14:54:43,463 - DEBUG - Received login request: {'username': 'admin 2', 'password': 'vrae@123'}
2025-03-03 14:54:43,464 - DEBUG - Get address info localhost:3306, type=<SocketKind.SOCK_STREAM: 1>
2025-03-03 14:54:43,465 - DEBUG - Getting address info localhost:3306, type=<SocketKind.SOCK_STREAM: 1> took 0.478ms: [(<AddressFamily.AF_INET6: 30>, <SocketKind.SOCK_STREAM: 1>, 6, '', ('::1', 3306, 0, 0)), (<AddressFamily.AF_INET: 2>, <SocketKind.SOCK_STREAM: 1>, 6, '', ('127.0.0.1', 3306))]
2025-03-03 14:54:43,468 - DEBUG - <asyncio.TransportSocket fd=20, family=30, type=1, proto=6, laddr=('::1', 59564, 0, 0), raddr=('::1', 3306, 0, 0)> connected to localhost:3306: (<_SelectorSocketTransport fd=20 read=polling write=<idle, bufsize=0>>, <asyncio.streams.StreamReaderProtocol object at 0x12c4fcda0>)
2025-03-03 14:54:43,469 - DEBUG - <_SelectorSocketTransport fd=20 read=idle write=<idle, bufsize=0>> pauses reading
2025-03-03 14:54:43,470 - DEBUG - <_SelectorSocketTransport fd=20 read=polling write=<idle, bufsize=0>> resumes reading
2025-03-03 14:54:43,470 - DEBUG - <_SelectorSocketTransport fd=20 read=idle write=<idle, bufsize=0>> pauses reading
2025-03-03 14:54:43,470 - DEBUG - <_SelectorSocketTransport fd=20 read=polling write=<idle, bufsize=0>> resumes reading
2025-03-03 14:54:43,472 - DEBUG - caching sha2: succeeded by fast path.
2025-03-03 14:54:43,570 - ERROR - Error in login route: 'User' object has no attribute 'id'
2025-03-03 14:54:43,570 - ERROR - Error in login route: 'User' object has no attribute 'id'
2025-03-03 14:54:43,571 - INFO - {'date_created': 'None', 'module': '/login', 'payload': {'username': 'admin 2', 'password': 'vrae@123'}, 'response': '{"message":"Erro interno!"}\n'}
2025-03-03 14:54:43,571 - INFO - {'date_created': 'None', 'module': '/login', 'payload': {'username': 'admin 2', 'password': 'vrae@123'}, 'response': '{"message":"Erro interno!"}\n'}
2025-03-03 14:55:09,291 - DEBUG - <Server sockets=(<asyncio.TransportSocket fd=3, family=2, type=1, proto=0, laddr=('0.0.0.0', 5000)>,)> got a new connection from ('127.0.0.1', 59676): <socket.socket fd=19, family=2, type=1, proto=0, laddr=('127.0.0.1', 5000), raddr=('127.0.0.1', 59676)>
2025-03-03 14:55:09,297 - INFO - Entering /login route
2025-03-03 14:55:09,297 - INFO - Entering /login route
2025-03-03 14:55:09,297 - DEBUG - Received login request: {'username': 'admin 2', 'password': 'vrae@123'}
2025-03-03 14:55:09,297 - DEBUG - Received login request: {'username': 'admin 2', 'password': 'vrae@123'}
2025-03-03 14:55:09,298 - DEBUG - Get address info localhost:3306, type=<SocketKind.SOCK_STREAM: 1>
2025-03-03 14:55:09,299 - DEBUG - Getting address info localhost:3306, type=<SocketKind.SOCK_STREAM: 1> took 0.593ms: [(<AddressFamily.AF_INET6: 30>, <SocketKind.SOCK_STREAM: 1>, 6, '', ('::1', 3306, 0, 0)), (<AddressFamily.AF_INET: 2>, <SocketKind.SOCK_STREAM: 1>, 6, '', ('127.0.0.1', 3306))]
2025-03-03 14:55:09,302 - DEBUG - <asyncio.TransportSocket fd=20, family=30, type=1, proto=6, laddr=('::1', 59677, 0, 0), raddr=('::1', 3306, 0, 0)> connected to localhost:3306: (<_SelectorSocketTransport fd=20 read=polling write=<idle, bufsize=0>>, <asyncio.streams.StreamReaderProtocol object at 0x12c4fc590>)
2025-03-03 14:55:09,303 - DEBUG - <_SelectorSocketTransport fd=20 read=idle write=<idle, bufsize=0>> pauses reading
2025-03-03 14:55:09,304 - DEBUG - <_SelectorSocketTransport fd=20 read=polling write=<idle, bufsize=0>> resumes reading
2025-03-03 14:55:09,304 - DEBUG - <_SelectorSocketTransport fd=20 read=idle write=<idle, bufsize=0>> pauses reading
2025-03-03 14:55:09,304 - DEBUG - <_SelectorSocketTransport fd=20 read=polling write=<idle, bufsize=0>> resumes reading
2025-03-03 14:55:09,306 - DEBUG - caching sha2: succeeded by fast path.
2025-03-03 14:55:09,393 - ERROR - Error in login route: 'User' object has no attribute 'id'
2025-03-03 14:55:09,393 - ERROR - Error in login route: 'User' object has no attribute 'id'
2025-03-03 14:55:09,394 - INFO - {'date_created': 'None', 'module': '/login', 'payload': {'username': 'admin 2', 'password': 'vrae@123'}, 'response': '{"message":"Erro interno!"}\n'}
2025-03-03 14:55:09,394 - INFO - {'date_created': 'None', 'module': '/login', 'payload': {'username': 'admin 2', 'password': 'vrae@123'}, 'response': '{"message":"Erro interno!"}\n'}
2025-03-03 14:56:34,028 - DEBUG - Close <_UnixSelectorEventLoop running=False closed=False debug=True>
2025-03-03 14:56:36,644 - DEBUG - matplotlib data path: /Users/guilhermeandrade/PycharmProjects/vrae_2.0.0/.venv/lib/python3.12/site-packages/matplotlib/mpl-data
2025-03-03 14:56:36,651 - DEBUG - CONFIGDIR=/Users/guilhermeandrade/.matplotlib
2025-03-03 14:56:36,652 - DEBUG - interactive is False
2025-03-03 14:56:36,652 - DEBUG - platform is darwin
2025-03-03 14:56:36,727 - DEBUG - CACHEDIR=/Users/guilhermeandrade/.matplotlib
2025-03-03 14:56:36,733 - DEBUG - Using fontManager instance from /Users/guilhermeandrade/.matplotlib/fontlist-v390.json
2025-03-03 14:56:37,757 - DEBUG - Using selector: KqueueSelector
2025-03-03 14:56:37,765 - DEBUG - Get address info localhost:3306, type=<SocketKind.SOCK_STREAM: 1>
2025-03-03 14:56:37,767 - DEBUG - Getting address info localhost:3306, type=<SocketKind.SOCK_STREAM: 1> took 1.530ms: [(<AddressFamily.AF_INET6: 30>, <SocketKind.SOCK_STREAM: 1>, 6, '', ('::1', 3306, 0, 0)), (<AddressFamily.AF_INET: 2>, <SocketKind.SOCK_STREAM: 1>, 6, '', ('127.0.0.1', 3306))]
2025-03-03 14:56:37,771 - DEBUG - <asyncio.TransportSocket fd=19, family=30, type=1, proto=6, laddr=('::1', 60049, 0, 0), raddr=('::1', 3306, 0, 0)> connected to localhost:3306: (<_SelectorSocketTransport fd=19 read=polling write=<idle, bufsize=0>>, <asyncio.streams.StreamReaderProtocol object at 0x12a9a02c0>)
2025-03-03 14:56:37,772 - DEBUG - <_SelectorSocketTransport fd=19 read=idle write=<idle, bufsize=0>> pauses reading
2025-03-03 14:56:37,773 - DEBUG - <_SelectorSocketTransport fd=19 read=polling write=<idle, bufsize=0>> resumes reading
2025-03-03 14:56:37,773 - DEBUG - <_SelectorSocketTransport fd=19 read=idle write=<idle, bufsize=0>> pauses reading
2025-03-03 14:56:37,773 - DEBUG - <_SelectorSocketTransport fd=19 read=polling write=<idle, bufsize=0>> resumes reading
2025-03-03 14:56:37,776 - DEBUG - caching sha2: succeeded by fast path.
2025-03-03 14:56:37,785 - INFO - Database initialized successfully
2025-03-03 14:56:37,785 - INFO - Database initialized successfully
2025-03-03 14:56:37,786 - INFO - <Server sockets=(<asyncio.TransportSocket fd=3, family=2, type=1, proto=0, laddr=('0.0.0.0', 5000)>,)> is serving
2025-03-03 14:56:37,787 - INFO - Running on http://0.0.0.0:5000 (CTRL + C to quit)
2025-03-03 14:56:56,057 - DEBUG - Close <_UnixSelectorEventLoop running=False closed=False debug=True>
2025-03-03 14:56:58,850 - DEBUG - matplotlib data path: /Users/guilhermeandrade/PycharmProjects/vrae_2.0.0/.venv/lib/python3.12/site-packages/matplotlib/mpl-data
2025-03-03 14:56:58,856 - DEBUG - CONFIGDIR=/Users/guilhermeandrade/.matplotlib
2025-03-03 14:56:58,858 - DEBUG - interactive is False
2025-03-03 14:56:58,859 - DEBUG - platform is darwin
2025-03-03 14:56:58,928 - DEBUG - CACHEDIR=/Users/guilhermeandrade/.matplotlib
2025-03-03 14:56:58,934 - DEBUG - Using fontManager instance from /Users/guilhermeandrade/.matplotlib/fontlist-v390.json
2025-03-03 14:56:59,768 - DEBUG - Using selector: KqueueSelector
2025-03-03 14:56:59,774 - DEBUG - Get address info localhost:3306, type=<SocketKind.SOCK_STREAM: 1>
2025-03-03 14:56:59,774 - DEBUG - Getting address info localhost:3306, type=<SocketKind.SOCK_STREAM: 1> took 0.454ms: [(<AddressFamily.AF_INET6: 30>, <SocketKind.SOCK_STREAM: 1>, 6, '', ('::1', 3306, 0, 0)), (<AddressFamily.AF_INET: 2>, <SocketKind.SOCK_STREAM: 1>, 6, '', ('127.0.0.1', 3306))]
2025-03-03 14:56:59,777 - DEBUG - <asyncio.TransportSocket fd=19, family=30, type=1, proto=6, laddr=('::1', 60142, 0, 0), raddr=('::1', 3306, 0, 0)> connected to localhost:3306: (<_SelectorSocketTransport fd=19 read=polling write=<idle, bufsize=0>>, <asyncio.streams.StreamReaderProtocol object at 0x1269c9460>)
2025-03-03 14:56:59,778 - DEBUG - <_SelectorSocketTransport fd=19 read=idle write=<idle, bufsize=0>> pauses reading
2025-03-03 14:56:59,778 - DEBUG - <_SelectorSocketTransport fd=19 read=polling write=<idle, bufsize=0>> resumes reading
2025-03-03 14:56:59,778 - DEBUG - <_SelectorSocketTransport fd=19 read=idle write=<idle, bufsize=0>> pauses reading
2025-03-03 14:56:59,779 - DEBUG - <_SelectorSocketTransport fd=19 read=polling write=<idle, bufsize=0>> resumes reading
2025-03-03 14:56:59,780 - DEBUG - caching sha2: succeeded by fast path.
2025-03-03 14:56:59,787 - INFO - Database initialized successfully
2025-03-03 14:56:59,787 - INFO - Database initialized successfully
2025-03-03 14:56:59,788 - INFO - <Server sockets=(<asyncio.TransportSocket fd=3, family=2, type=1, proto=0, laddr=('0.0.0.0', 5000)>,)> is serving
2025-03-03 14:56:59,790 - INFO - Running on http://0.0.0.0:5000 (CTRL + C to quit)
2025-03-03 14:57:10,866 - DEBUG - Close <_UnixSelectorEventLoop running=False closed=False debug=True>
2025-03-03 14:57:13,451 - DEBUG - matplotlib data path: /Users/guilhermeandrade/PycharmProjects/vrae_2.0.0/.venv/lib/python3.12/site-packages/matplotlib/mpl-data
2025-03-03 14:57:13,457 - DEBUG - CONFIGDIR=/Users/guilhermeandrade/.matplotlib
2025-03-03 14:57:13,458 - DEBUG - interactive is False
2025-03-03 14:57:13,459 - DEBUG - platform is darwin
2025-03-03 14:57:13,527 - DEBUG - CACHEDIR=/Users/guilhermeandrade/.matplotlib
2025-03-03 14:57:13,533 - DEBUG - Using fontManager instance from /Users/guilhermeandrade/.matplotlib/fontlist-v390.json
2025-03-03 14:57:14,333 - DEBUG - Using selector: KqueueSelector
2025-03-03 14:57:14,339 - DEBUG - Get address info localhost:3306, type=<SocketKind.SOCK_STREAM: 1>
2025-03-03 14:57:14,340 - DEBUG - Getting address info localhost:3306, type=<SocketKind.SOCK_STREAM: 1> took 0.475ms: [(<AddressFamily.AF_INET6: 30>, <SocketKind.SOCK_STREAM: 1>, 6, '', ('::1', 3306, 0, 0)), (<AddressFamily.AF_INET: 2>, <SocketKind.SOCK_STREAM: 1>, 6, '', ('127.0.0.1', 3306))]
2025-03-03 14:57:14,343 - DEBUG - <asyncio.TransportSocket fd=19, family=30, type=1, proto=6, laddr=('::1', 60209, 0, 0), raddr=('::1', 3306, 0, 0)> connected to localhost:3306: (<_SelectorSocketTransport fd=19 read=polling write=<idle, bufsize=0>>, <asyncio.streams.StreamReaderProtocol object at 0x134c0eae0>)
2025-03-03 14:57:14,343 - DEBUG - <_SelectorSocketTransport fd=19 read=idle write=<idle, bufsize=0>> pauses reading
2025-03-03 14:57:14,344 - DEBUG - <_SelectorSocketTransport fd=19 read=polling write=<idle, bufsize=0>> resumes reading
2025-03-03 14:57:14,344 - DEBUG - <_SelectorSocketTransport fd=19 read=idle write=<idle, bufsize=0>> pauses reading
2025-03-03 14:57:14,344 - DEBUG - <_SelectorSocketTransport fd=19 read=polling write=<idle, bufsize=0>> resumes reading
2025-03-03 14:57:14,345 - DEBUG - caching sha2: succeeded by fast path.
2025-03-03 14:57:14,353 - INFO - Database initialized successfully
2025-03-03 14:57:14,353 - INFO - Database initialized successfully
2025-03-03 14:57:14,355 - INFO - <Server sockets=(<asyncio.TransportSocket fd=3, family=2, type=1, proto=0, laddr=('0.0.0.0', 5000)>,)> is serving
2025-03-03 14:57:14,355 - INFO - Running on http://0.0.0.0:5000 (CTRL + C to quit)
2025-03-03 14:57:21,272 - DEBUG - <Server sockets=(<asyncio.TransportSocket fd=3, family=2, type=1, proto=0, laddr=('0.0.0.0', 5000)>,)> got a new connection from ('127.0.0.1', 60240): <socket.socket fd=19, family=2, type=1, proto=0, laddr=('127.0.0.1', 5000), raddr=('127.0.0.1', 60240)>
2025-03-03 14:57:21,281 - INFO - Entering /login route
2025-03-03 14:57:21,281 - INFO - Entering /login route
2025-03-03 14:57:21,282 - DEBUG - Received login request: {'username': 'admin 2', 'password': 'vrae@123'}
2025-03-03 14:57:21,282 - DEBUG - Received login request: {'username': 'admin 2', 'password': 'vrae@123'}
2025-03-03 14:57:21,284 - DEBUG - Get address info localhost:3306, type=<SocketKind.SOCK_STREAM: 1>
2025-03-03 14:57:21,285 - DEBUG - Getting address info localhost:3306, type=<SocketKind.SOCK_STREAM: 1> took 1.064ms: [(<AddressFamily.AF_INET6: 30>, <SocketKind.SOCK_STREAM: 1>, 6, '', ('::1', 3306, 0, 0)), (<AddressFamily.AF_INET: 2>, <SocketKind.SOCK_STREAM: 1>, 6, '', ('127.0.0.1', 3306))]
2025-03-03 14:57:21,290 - DEBUG - <asyncio.TransportSocket fd=20, family=30, type=1, proto=6, laddr=('::1', 60241, 0, 0), raddr=('::1', 3306, 0, 0)> connected to localhost:3306: (<_SelectorSocketTransport fd=20 read=polling write=<idle, bufsize=0>>, <asyncio.streams.StreamReaderProtocol object at 0x134c0d070>)
2025-03-03 14:57:21,291 - DEBUG - <_SelectorSocketTransport fd=20 read=idle write=<idle, bufsize=0>> pauses reading
2025-03-03 14:57:21,292 - DEBUG - <_SelectorSocketTransport fd=20 read=polling write=<idle, bufsize=0>> resumes reading
2025-03-03 14:57:21,292 - DEBUG - <_SelectorSocketTransport fd=20 read=idle write=<idle, bufsize=0>> pauses reading
2025-03-03 14:57:21,293 - DEBUG - <_SelectorSocketTransport fd=20 read=polling write=<idle, bufsize=0>> resumes reading
2025-03-03 14:57:21,294 - DEBUG - caching sha2: succeeded by fast path.
2025-03-03 14:57:21,392 - DEBUG - Token generated for user admin 2: eyJhbGciOiJIUzI1NiIsInR5cCI6IkpXVCJ9.eyJpZCI6MywidXNlcm5hbWUiOiJhZG1pbiAyIn0.I1N9VPG1_0h5JE9gfStoBQfeoDXC-c-4D4G4p8ZzA68
2025-03-03 14:57:21,392 - DEBUG - Token generated for user admin 2: eyJhbGciOiJIUzI1NiIsInR5cCI6IkpXVCJ9.eyJpZCI6MywidXNlcm5hbWUiOiJhZG1pbiAyIn0.I1N9VPG1_0h5JE9gfStoBQfeoDXC-c-4D4G4p8ZzA68
2025-03-03 14:57:21,393 - DEBUG - Get address info localhost:3306, type=<SocketKind.SOCK_STREAM: 1>
2025-03-03 14:57:21,394 - DEBUG - Getting address info localhost:3306, type=<SocketKind.SOCK_STREAM: 1> took 0.596ms: [(<AddressFamily.AF_INET6: 30>, <SocketKind.SOCK_STREAM: 1>, 6, '', ('::1', 3306, 0, 0)), (<AddressFamily.AF_INET: 2>, <SocketKind.SOCK_STREAM: 1>, 6, '', ('127.0.0.1', 3306))]
2025-03-03 14:57:21,398 - DEBUG - <asyncio.TransportSocket fd=20, family=30, type=1, proto=6, laddr=('::1', 60242, 0, 0), raddr=('::1', 3306, 0, 0)> connected to localhost:3306: (<_SelectorSocketTransport fd=20 read=polling write=<idle, bufsize=0>>, <asyncio.streams.StreamReaderProtocol object at 0x134c0c140>)
2025-03-03 14:57:21,398 - DEBUG - <_SelectorSocketTransport fd=20 read=idle write=<idle, bufsize=0>> pauses reading
2025-03-03 14:57:21,399 - DEBUG - <_SelectorSocketTransport fd=20 read=polling write=<idle, bufsize=0>> resumes reading
2025-03-03 14:57:21,399 - DEBUG - <_SelectorSocketTransport fd=20 read=idle write=<idle, bufsize=0>> pauses reading
2025-03-03 14:57:21,399 - DEBUG - <_SelectorSocketTransport fd=20 read=polling write=<idle, bufsize=0>> resumes reading
2025-03-03 14:57:21,401 - DEBUG - caching sha2: succeeded by fast path.
2025-03-03 14:57:21,405 - INFO - {'date_created': 'None', 'module': '/login', 'payload': {'username': 'admin 2', 'password': 'vrae@123'}, 'response': '{"message":"Login realizado com sucesso!","token":"eyJhbGciOiJIUzI1NiIsInR5cCI6IkpXVCJ9.eyJpZCI6MywidXNlcm5hbWUiOiJhZG1pbiAyIn0.I1N9VPG1_0h5JE9gfStoBQfeoDXC-c-4D4G4p8ZzA68"}\n'}
2025-03-03 14:57:21,405 - INFO - {'date_created': 'None', 'module': '/login', 'payload': {'username': 'admin 2', 'password': 'vrae@123'}, 'response': '{"message":"Login realizado com sucesso!","token":"eyJhbGciOiJIUzI1NiIsInR5cCI6IkpXVCJ9.eyJpZCI6MywidXNlcm5hbWUiOiJhZG1pbiAyIn0.I1N9VPG1_0h5JE9gfStoBQfeoDXC-c-4D4G4p8ZzA68"}\n'}
2025-03-03 14:57:47,203 - DEBUG - <Server sockets=(<asyncio.TransportSocket fd=3, family=2, type=1, proto=0, laddr=('0.0.0.0', 5000)>,)> got a new connection from ('127.0.0.1', 60354): <socket.socket fd=19, family=2, type=1, proto=0, laddr=('127.0.0.1', 5000), raddr=('127.0.0.1', 60354)>
2025-03-03 14:57:47,209 - DEBUG - Entering token_required decorator
2025-03-03 14:57:47,209 - DEBUG - Entering token_required decorator
2025-03-03 14:57:47,210 - DEBUG - Decoding token: eyJhbGciOiJIUzI1NiIsInR5cCI6IkpXVCJ9.eyJpZCI6MywidXNlcm5hbWUiOiJhZG1pbiAyIn0.I1N9VPG1_0h5JE9gfStoBQfeoDXC-c-4D4G4p8ZzA68
2025-03-03 14:57:47,210 - DEBUG - Decoding token: eyJhbGciOiJIUzI1NiIsInR5cCI6IkpXVCJ9.eyJpZCI6MywidXNlcm5hbWUiOiJhZG1pbiAyIn0.I1N9VPG1_0h5JE9gfStoBQfeoDXC-c-4D4G4p8ZzA68
2025-03-03 14:57:47,211 - DEBUG - Get address info localhost:3306, type=<SocketKind.SOCK_STREAM: 1>
2025-03-03 14:57:47,212 - DEBUG - Getting address info localhost:3306, type=<SocketKind.SOCK_STREAM: 1> took 0.442ms: [(<AddressFamily.AF_INET6: 30>, <SocketKind.SOCK_STREAM: 1>, 6, '', ('::1', 3306, 0, 0)), (<AddressFamily.AF_INET: 2>, <SocketKind.SOCK_STREAM: 1>, 6, '', ('127.0.0.1', 3306))]
2025-03-03 14:57:47,215 - DEBUG - <asyncio.TransportSocket fd=20, family=30, type=1, proto=6, laddr=('::1', 60355, 0, 0), raddr=('::1', 3306, 0, 0)> connected to localhost:3306: (<_SelectorSocketTransport fd=20 read=polling write=<idle, bufsize=0>>, <asyncio.streams.StreamReaderProtocol object at 0x134c0ca70>)
2025-03-03 14:57:47,216 - DEBUG - <_SelectorSocketTransport fd=20 read=idle write=<idle, bufsize=0>> pauses reading
2025-03-03 14:57:47,216 - DEBUG - <_SelectorSocketTransport fd=20 read=polling write=<idle, bufsize=0>> resumes reading
2025-03-03 14:57:47,217 - DEBUG - <_SelectorSocketTransport fd=20 read=idle write=<idle, bufsize=0>> pauses reading
2025-03-03 14:57:47,217 - DEBUG - <_SelectorSocketTransport fd=20 read=polling write=<idle, bufsize=0>> resumes reading
2025-03-03 14:57:47,219 - DEBUG - caching sha2: succeeded by fast path.
2025-03-03 14:57:47,224 - DEBUG - Get address info localhost:3306, type=<SocketKind.SOCK_STREAM: 1>
2025-03-03 14:57:47,225 - DEBUG - Getting address info localhost:3306, type=<SocketKind.SOCK_STREAM: 1> took 0.666ms: [(<AddressFamily.AF_INET6: 30>, <SocketKind.SOCK_STREAM: 1>, 6, '', ('::1', 3306, 0, 0)), (<AddressFamily.AF_INET: 2>, <SocketKind.SOCK_STREAM: 1>, 6, '', ('127.0.0.1', 3306))]
2025-03-03 14:57:47,228 - DEBUG - <asyncio.TransportSocket fd=20, family=30, type=1, proto=6, laddr=('::1', 60356, 0, 0), raddr=('::1', 3306, 0, 0)> connected to localhost:3306: (<_SelectorSocketTransport fd=20 read=polling write=<idle, bufsize=0>>, <asyncio.streams.StreamReaderProtocol object at 0x134c0deb0>)
2025-03-03 14:57:47,229 - DEBUG - <_SelectorSocketTransport fd=20 read=idle write=<idle, bufsize=0>> pauses reading
2025-03-03 14:57:47,229 - DEBUG - <_SelectorSocketTransport fd=20 read=polling write=<idle, bufsize=0>> resumes reading
2025-03-03 14:57:47,230 - DEBUG - <_SelectorSocketTransport fd=20 read=idle write=<idle, bufsize=0>> pauses reading
2025-03-03 14:57:47,230 - DEBUG - <_SelectorSocketTransport fd=20 read=polling write=<idle, bufsize=0>> resumes reading
2025-03-03 14:57:47,231 - DEBUG - caching sha2: succeeded by fast path.
2025-03-03 14:57:47,235 - INFO - {'date_created': 'None', 'module': '/devices', 'payload': 'No JSON Payload', 'response': '[{"created_at":"2025-03-03 10:04:42","id":1,"ip":"192.168.11.100","model":null,"name":"Camera Principal","protocol":"RTSP","username":"admin"}]\n'}
2025-03-03 14:57:47,235 - INFO - {'date_created': 'None', 'module': '/devices', 'payload': 'No JSON Payload', 'response': '[{"created_at":"2025-03-03 10:04:42","id":1,"ip":"192.168.11.100","model":null,"name":"Camera Principal","protocol":"RTSP","username":"admin"}]\n'}
